2016-12-29 17:20:34,657 INFO  [org.jboss.modules] (main) JBoss Modules version 1.5.0.Final
2016-12-29 17:20:37,724 INFO  [org.jboss.msc] (main) JBoss MSC version 1.2.6.Final
2016-12-29 17:20:37,893 INFO  [org.jboss.as] (MSC service thread 1-7) WFLYSRV0049: WildFly Full 10.0.0.CR5 (WildFly Core 2.0.5.Final) starting
2016-12-29 17:20:37,894 DEBUG [org.jboss.as.config] (MSC service thread 1-7) Configured system properties:
	awt.toolkit = sun.awt.windows.WToolkit
	file.encoding = Cp1252
	file.encoding.pkg = sun.io
	file.separator = \
	java.awt.graphicsenv = sun.awt.Win32GraphicsEnvironment
	java.awt.headless = true
	java.awt.printerjob = sun.awt.windows.WPrinterJob
	java.class.path = C:\Users\moi\Documents\Cours\Licence_3\Semester_1\Web_programming_2_0\wildfly-10.0.0.CR5\jboss-modules.jar
	java.class.version = 52.0
	java.endorsed.dirs = C:\Program Files\Java\jre1.8.0_73\lib\endorsed
	java.ext.dirs = C:\Program Files\Java\jre1.8.0_73\lib\ext;C:\WINDOWS\Sun\Java\lib\ext
	java.home = C:\Program Files\Java\jre1.8.0_73
	java.io.tmpdir = C:\Users\moi\AppData\Local\Temp\
	java.library.path = C:\Program Files\Java\jre1.8.0_73\bin;C:\WINDOWS\Sun\Java\bin;C:\WINDOWS\system32;C:\WINDOWS;native;C:/Program Files/Java/jre1.8.0_73/bin/server;C:/Program Files/Java/jre1.8.0_73/bin;C:/Program Files/Java/jre1.8.0_73/lib/amd64;C:\ProgramData\Oracle\Java\javapath;C:\Program Files (x86)\NVIDIA Corporation\PhysX\Common;C:\Program Files (x86)\Intel\iCLS Client\;C:\Program Files\Intel\iCLS Client\;C:\WINDOWS\system32;C:\WINDOWS;C:\WINDOWS\System32\Wbem;C:\WINDOWS\System32\WindowsPowerShell\v1.0\;C:\Program Files (x86)\Windows Live\Shared;C:\Program Files\Intel\Intel(R) Management Engine Components\DAL;C:\Program Files\Intel\Intel(R) Management Engine Components\IPT;C:\Program Files (x86)\Intel\Intel(R) Management Engine Components\DAL;C:\Program Files (x86)\Intel\Intel(R) Management Engine Components\IPT;C:\Program Files (x86)\Intel\OpenCL SDK\2.0\bin\x86;C:\Program Files (x86)\Intel\OpenCL SDK\2.0\bin\x64;C:\Program Files\WIDCOMM\Bluetooth Software\;C:\Program Files\WIDCOMM\Bluetooth Software\syswow64;C:\Program Files (x86)\Skype\Phone\;C:\Program Files\Git\cmd;C:\Program Files\nodejs\;C:\Program Files (x86)\bin;C:\Users\moi\AppData\Roaming\npm;%USERPROFILE%\AppData\Local\Microsoft\WindowsApps;;C:\Users\moi\Desktop;;.
	java.net.preferIPv4Stack = true
	java.runtime.name = Java(TM) SE Runtime Environment
	java.runtime.version = 1.8.0_73-b02
	java.specification.name = Java Platform API Specification
	java.specification.vendor = Oracle Corporation
	java.specification.version = 1.8
	java.util.logging.manager = org.jboss.logmanager.LogManager
	java.vendor = Oracle Corporation
	java.vendor.url = http://java.oracle.com/
	java.vendor.url.bug = http://bugreport.sun.com/bugreport/
	java.version = 1.8.0_73
	java.vm.info = mixed mode
	java.vm.name = Java HotSpot(TM) 64-Bit Server VM
	java.vm.specification.name = Java Virtual Machine Specification
	java.vm.specification.vendor = Oracle Corporation
	java.vm.specification.version = 1.8
	java.vm.vendor = Oracle Corporation
	java.vm.version = 25.73-b02
	javax.management.builder.initial = org.jboss.as.jmx.PluggableMBeanServerBuilder
	javax.xml.datatype.DatatypeFactory = __redirected.__DatatypeFactory
	javax.xml.parsers.DocumentBuilderFactory = __redirected.__DocumentBuilderFactory
	javax.xml.parsers.SAXParserFactory = __redirected.__SAXParserFactory
	javax.xml.stream.XMLEventFactory = __redirected.__XMLEventFactory
	javax.xml.stream.XMLInputFactory = __redirected.__XMLInputFactory
	javax.xml.stream.XMLOutputFactory = __redirected.__XMLOutputFactory
	javax.xml.transform.TransformerFactory = __redirected.__TransformerFactory
	javax.xml.validation.SchemaFactory:http://www.w3.org/2001/XMLSchema = __redirected.__SchemaFactory
	javax.xml.xpath.XPathFactory:http://java.sun.com/jaxp/xpath/dom = __redirected.__XPathFactory
	jboss.bind.address = localhost
	jboss.bind.address.management = localhost
	jboss.home.dir = C:\Users\moi\Documents\Cours\Licence_3\Semester_1\Web_programming_2_0\wildfly-10.0.0.CR5
	jboss.host.name = colin
	jboss.modules.dir = C:\Users\moi\Documents\Cours\Licence_3\Semester_1\Web_programming_2_0\wildfly-10.0.0.CR5\modules
	jboss.modules.system.pkgs = org.jboss.byteman
	jboss.node.name = colin
	jboss.qualified.host.name = colin
	jboss.server.base.dir = C:\Users\moi\Documents\Cours\Licence_3\Semester_1\Web_programming_2_0\wildfly-10.0.0.CR5\standalone
	jboss.server.config.dir = C:\Users\moi\Documents\Cours\Licence_3\Semester_1\Web_programming_2_0\wildfly-10.0.0.CR5\standalone\configuration
	jboss.server.data.dir = C:\Users\moi\Documents\Cours\Licence_3\Semester_1\Web_programming_2_0\wildfly-10.0.0.CR5\standalone\data
	jboss.server.deploy.dir = C:\Users\moi\Documents\Cours\Licence_3\Semester_1\Web_programming_2_0\wildfly-10.0.0.CR5\standalone\data\content
	jboss.server.log.dir = C:\Users\moi\Documents\Cours\Licence_3\Semester_1\Web_programming_2_0\wildfly-10.0.0.CR5\standalone\log
	jboss.server.name = colin
	jboss.server.persist.config = true
	jboss.server.temp.dir = C:\Users\moi\Documents\Cours\Licence_3\Semester_1\Web_programming_2_0\wildfly-10.0.0.CR5\standalone\tmp
	line.separator = 

	logging.configuration = file:/C:/Users/moi/Documents/Cours/Licence_3/Semester_1/Web_programming_2_0/wildfly-10.0.0.CR5/standalone/configuration/logging.properties
	module.path = C:/Users/moi/Documents/Cours/Licence_3/Semester_1/Web_programming_2_0/wildfly-10.0.0.CR5/modules
	org.jboss.boot.log.file = C:/Users/moi/Documents/Cours/Licence_3/Semester_1/Web_programming_2_0/wildfly-10.0.0.CR5/standalone/log/boot.log
	org.jboss.logmanager.nocolor = true
	org.jboss.resolver.warning = true
	org.xml.sax.driver = __redirected.__XMLReaderFactory
	os.arch = amd64
	os.name = Windows 10
	os.version = 10.0
	path.separator = ;
	program.name = JBossTools: WildFly 10.x
	sun.arch.data.model = 64
	sun.boot.class.path = C:\Program Files\Java\jre1.8.0_73\lib\resources.jar;C:\Program Files\Java\jre1.8.0_73\lib\rt.jar;C:\Program Files\Java\jre1.8.0_73\lib\sunrsasign.jar;C:\Program Files\Java\jre1.8.0_73\lib\jsse.jar;C:\Program Files\Java\jre1.8.0_73\lib\jce.jar;C:\Program Files\Java\jre1.8.0_73\lib\charsets.jar;C:\Program Files\Java\jre1.8.0_73\lib\jfr.jar;C:\Program Files\Java\jre1.8.0_73\classes
	sun.boot.library.path = C:\Program Files\Java\jre1.8.0_73\bin
	sun.cpu.endian = little
	sun.cpu.isalist = amd64
	sun.desktop = windows
	sun.io.unicode.encoding = UnicodeLittle
	sun.java.command = org.jboss.modules.Main -mp C:/Users/moi/Documents/Cours/Licence_3/Semester_1/Web_programming_2_0/wildfly-10.0.0.CR5/modules org.jboss.as.standalone -b localhost --server-config=standalone.xml -Djboss.server.base.dir=C:\Users\moi\Documents\Cours\Licence_3\Semester_1\Web_programming_2_0\wildfly-10.0.0.CR5\standalone
	sun.java.launcher = SUN_STANDARD
	sun.jnu.encoding = Cp1252
	sun.management.compiler = HotSpot 64-Bit Tiered Compilers
	sun.os.patch.level = 
	sun.rmi.dgc.client.gcInterval = 3600000
	sun.rmi.dgc.server.gcInterval = 3600000
	user.country = FR
	user.dir = C:\Users\moi\Documents\Cours\Licence_3\Semester_1\Web_programming_2_0\wildfly-10.0.0.CR5\bin
	user.home = C:\Users\moi
	user.language = fr
	user.name = moi
	user.script = 
	user.timezone = Europe/Paris
	user.variant = 
2016-12-29 17:20:37,895 DEBUG [org.jboss.as.config] (MSC service thread 1-7) VM Arguments: -Dprogram.name=JBossTools: WildFly 10.x -Xms64m -Xmx512m -Dorg.jboss.resolver.warning=true -Djava.net.preferIPv4Stack=true -Dsun.rmi.dgc.client.gcInterval=3600000 -Dsun.rmi.dgc.server.gcInterval=3600000 -Djboss.modules.system.pkgs=org.jboss.byteman -Djava.awt.headless=true -Dorg.jboss.boot.log.file=C:/Users/moi/Documents/Cours/Licence_3/Semester_1/Web_programming_2_0/wildfly-10.0.0.CR5/standalone/log/boot.log -Dlogging.configuration=file:/C:/Users/moi/Documents/Cours/Licence_3/Semester_1/Web_programming_2_0/wildfly-10.0.0.CR5/standalone/configuration/logging.properties -Djboss.home.dir=C:/Users/moi/Documents/Cours/Licence_3/Semester_1/Web_programming_2_0/wildfly-10.0.0.CR5 -Dorg.jboss.logmanager.nocolor=true -Djboss.bind.address.management=localhost -Dfile.encoding=Cp1252 
2016-12-29 17:20:52,086 INFO  [org.jboss.as.server] (Controller Boot Thread) WFLYSRV0039: Creating http management service using socket-binding (management-http)
2016-12-29 17:20:52,193 INFO  [org.xnio] (MSC service thread 1-8) XNIO version 3.3.4.Final
2016-12-29 17:20:52,260 INFO  [org.xnio.nio] (MSC service thread 1-8) XNIO NIO Implementation Version 3.3.4.Final
