2017-01-08 22:34:51,585 WARN  [org.jboss.as.txn] (ServerService Thread Pool -- 54) WFLYTX0013: Node identifier property is set to the default value. Please make sure it is unique.
2017-01-08 22:34:51,717 INFO  [org.jboss.as.clustering.infinispan] (ServerService Thread Pool -- 38) WFLYCLINF0001: Activating Infinispan subsystem.
2017-01-08 22:34:51,746 INFO  [org.wildfly.extension.io] (ServerService Thread Pool -- 37) WFLYIO001: Worker 'default' has auto-configured to 16 core threads with 128 task threads based on your 8 available processors
2017-01-08 22:34:51,772 INFO  [org.jboss.as.security] (ServerService Thread Pool -- 53) WFLYSEC0002: Activating Security Subsystem
2017-01-08 22:34:51,774 INFO  [org.jboss.as.webservices] (ServerService Thread Pool -- 56) WFLYWS0002: Activating WebServices Extension
2017-01-08 22:34:51,780 INFO  [org.jboss.as.security] (MSC service thread 1-8) WFLYSEC0001: Current PicketBox version=4.9.4.Final
2017-01-08 22:34:51,937 INFO  [org.jboss.as.jsf] (ServerService Thread Pool -- 44) WFLYJSF0007: Activated the following JSF Implementations: [main]
2017-01-08 22:34:52,001 INFO  [org.jboss.as.naming] (ServerService Thread Pool -- 46) WFLYNAM0001: Activating Naming Subsystem
2017-01-08 22:34:52,490 INFO  [org.jboss.as.connector] (MSC service thread 1-2) WFLYJCA0009: Starting JCA Subsystem (WildFly/IronJacamar 1.3.1.Final)
2017-01-08 22:34:52,922 INFO  [org.jboss.as.naming] (MSC service thread 1-2) WFLYNAM0003: Starting Naming Service
2017-01-08 22:34:52,924 INFO  [org.jboss.as.mail.extension] (MSC service thread 1-2) WFLYMAIL0001: Bound mail session [java:jboss/mail/Default]
2017-01-08 22:34:53,306 INFO  [org.jboss.as.connector.subsystems.datasources] (ServerService Thread Pool -- 33) WFLYJCA0004: Deploying JDBC-compliant driver class org.h2.Driver (version 1.3)
2017-01-08 22:34:53,310 INFO  [org.jboss.as.connector.deployers.jdbc] (MSC service thread 1-4) WFLYJCA0018: Started Driver service with driver-name = h2
2017-01-08 22:34:53,598 INFO  [org.wildfly.extension.undertow] (MSC service thread 1-2) WFLYUT0003: Undertow 1.3.11.Final starting
2017-01-08 22:34:53,598 INFO  [org.wildfly.extension.undertow] (ServerService Thread Pool -- 55) WFLYUT0003: Undertow 1.3.11.Final starting
2017-01-08 22:34:54,111 INFO  [org.jboss.as.connector.subsystems.datasources] (ServerService Thread Pool -- 33) WFLYJCA0005: Deploying non-JDBC-compliant driver class com.mysql.jdbc.Driver (version 5.1)
2017-01-08 22:34:54,113 INFO  [org.jboss.as.connector.deployers.jdbc] (MSC service thread 1-5) WFLYJCA0018: Started Driver service with driver-name = mysql
2017-01-08 22:34:54,318 INFO  [org.jboss.remoting] (MSC service thread 1-1) JBoss Remoting version 4.0.17.Final-wildfly-1
2017-01-08 22:34:55,464 INFO  [org.wildfly.extension.undertow] (ServerService Thread Pool -- 55) WFLYUT0014: Creating file handler for path 'C:\Users\moi\Downloads\wildfly-10.0.0.CR5/welcome-content' with options [directory-listing: 'false', follow-symlink: 'false', case-sensitive: 'true', safe-symlink-paths: '[]']
2017-01-08 22:34:55,880 INFO  [org.wildfly.extension.undertow] (MSC service thread 1-1) WFLYUT0012: Started server default-server.
2017-01-08 22:34:55,883 INFO  [org.wildfly.extension.undertow] (MSC service thread 1-7) WFLYUT0018: Host default-host starting
2017-01-08 22:34:56,406 INFO  [org.wildfly.extension.undertow] (MSC service thread 1-1) WFLYUT0006: Undertow HTTP listener default listening on 127.0.0.1:8080
2017-01-08 22:34:57,194 INFO  [org.jboss.as.ejb3] (MSC service thread 1-7) WFLYEJB0481: Strict pool slsb-strict-max-pool is using a max instance size of 128 (per class), which is derived from thread worker pool sizing.
2017-01-08 22:34:57,194 INFO  [org.jboss.as.ejb3] (MSC service thread 1-6) WFLYEJB0482: Strict pool mdb-strict-max-pool is using a max instance size of 32 (per class), which is derived from the number of CPUs on this host.
2017-01-08 22:34:57,319 INFO  [org.jboss.as.connector.subsystems.datasources] (MSC service thread 1-3) WFLYJCA0001: Bound data source [java:/mysql]
2017-01-08 22:34:57,319 INFO  [org.jboss.as.connector.subsystems.datasources] (MSC service thread 1-7) WFLYJCA0001: Bound data source [java:jboss/datasources/ExampleDS]
2017-01-08 22:34:58,605 INFO  [org.jboss.as.server.deployment.scanner] (MSC service thread 1-4) WFLYDS0013: Started FileSystemDeploymentService for directory C:\Users\moi\Downloads\wildfly-10.0.0.CR5\standalone\deployments
2017-01-08 22:34:58,971 INFO  [org.jboss.as.server.deployment] (MSC service thread 1-6) WFLYSRV0027: Starting deployment of "Project_Timeline.war" (runtime-name: "Project_Timeline.war")
2017-01-08 22:35:00,095 INFO  [org.infinispan.factories.GlobalComponentRegistry] (MSC service thread 1-5) ISPN000128: Infinispan version: Infinispan 'Mahou' 8.1.0.Final
2017-01-08 22:35:00,094 INFO  [org.infinispan.factories.GlobalComponentRegistry] (MSC service thread 1-2) ISPN000128: Infinispan version: Infinispan 'Mahou' 8.1.0.Final
2017-01-08 22:35:00,095 INFO  [org.infinispan.factories.GlobalComponentRegistry] (MSC service thread 1-1) ISPN000128: Infinispan version: Infinispan 'Mahou' 8.1.0.Final
2017-01-08 22:35:00,447 ERROR [org.jboss.msc.service.fail] (MSC service thread 1-8) MSC000001: Failed to start service jboss.serverManagement.controller.management.http: org.jboss.msc.service.StartException in service jboss.serverManagement.controller.management.http: WFLYSRV0083: Failed to start the http-interface service
	at org.jboss.as.server.mgmt.UndertowHttpManagementService.start(UndertowHttpManagementService.java:269)
	at org.jboss.msc.service.ServiceControllerImpl$StartTask.startService(ServiceControllerImpl.java:1948)
	at org.jboss.msc.service.ServiceControllerImpl$StartTask.run(ServiceControllerImpl.java:1881)
	at java.util.concurrent.ThreadPoolExecutor.runWorker(Unknown Source)
	at java.util.concurrent.ThreadPoolExecutor$Worker.run(Unknown Source)
	at java.lang.Thread.run(Unknown Source)
Caused by: java.lang.RuntimeException: java.net.BindException: Address already in use: bind
	at org.jboss.as.domain.http.server.ManagementHttpServer.start(ManagementHttpServer.java:163)
	at org.jboss.as.server.mgmt.UndertowHttpManagementService.start(UndertowHttpManagementService.java:235)
	... 5 more
Caused by: java.net.BindException: Address already in use: bind
	at sun.nio.ch.Net.bind0(Native Method)
	at sun.nio.ch.Net.bind(Unknown Source)
	at sun.nio.ch.Net.bind(Unknown Source)
	at sun.nio.ch.ServerSocketChannelImpl.bind(Unknown Source)
	at sun.nio.ch.ServerSocketAdaptor.bind(Unknown Source)
	at sun.nio.ch.ServerSocketAdaptor.bind(Unknown Source)
	at org.xnio.nio.NioXnioWorker.createTcpConnectionServer(NioXnioWorker.java:192)
	at org.xnio.XnioWorker.createStreamConnectionServer(XnioWorker.java:243)
	at org.jboss.as.domain.http.server.ManagementHttpServer.start(ManagementHttpServer.java:150)
	... 6 more

2017-01-08 22:35:04,212 INFO  [org.jboss.ws.common.management] (MSC service thread 1-7) JBWS022052: Starting JBossWS 5.1.2.Final (Apache CXF 3.1.4) 
2017-01-08 22:35:09,188 INFO  [org.jboss.as.connector.deployers.jdbc] (MSC service thread 1-5) WFLYJCA0005: Deploying non-JDBC-compliant driver class com.mysql.jdbc.Driver (version 5.1)
2017-01-08 22:35:09,190 INFO  [org.jboss.as.connector.deployers.jdbc] (MSC service thread 1-5) WFLYJCA0005: Deploying non-JDBC-compliant driver class com.mysql.fabric.jdbc.FabricMySQLDriver (version 5.1)
2017-01-08 22:35:09,383 INFO  [org.jboss.as.connector.deployers.jdbc] (MSC service thread 1-7) WFLYJCA0018: Started Driver service with driver-name = Project_Timeline.war_com.mysql.jdbc.Driver_5_1
2017-01-08 22:35:09,383 INFO  [org.jboss.as.connector.deployers.jdbc] (MSC service thread 1-1) WFLYJCA0018: Started Driver service with driver-name = Project_Timeline.war_com.mysql.fabric.jdbc.FabricMySQLDriver_5_1
2017-01-08 22:35:10,738 INFO  [io.undertow.websockets.jsr] (ServerService Thread Pool -- 64) UT026003: Adding annotated server endpoint class Project_Timeline.WebSocket for path /web
2017-01-08 22:35:11,156 INFO  [org.wildfly.extension.undertow] (ServerService Thread Pool -- 64) WFLYUT0021: Registered web context: /Project_Timeline
2017-01-08 22:35:11,172 ERROR [org.jboss.as.controller.management-operation] (Controller Boot Thread) WFLYCTL0013: Operation ("add") failed - address: ([
    ("core-service" => "management"),
    ("management-interface" => "http-interface")
]) - failure description: {"WFLYCTL0080: Failed services" => {"jboss.serverManagement.controller.management.http" => "org.jboss.msc.service.StartException in service jboss.serverManagement.controller.management.http: WFLYSRV0083: Failed to start the http-interface service
    Caused by: java.lang.RuntimeException: java.net.BindException: Address already in use: bind
    Caused by: java.net.BindException: Address already in use: bind"}}
2017-01-08 22:35:11,642 INFO  [org.jboss.as.server] (ServerService Thread Pool -- 34) WFLYSRV0010: Deployed "Project_Timeline.war" (runtime-name : "Project_Timeline.war")
2017-01-08 22:35:11,644 INFO  [org.jboss.as.controller] (Controller Boot Thread) WFLYCTL0183: Service status report
WFLYCTL0186:   Services which failed to start:      service jboss.serverManagement.controller.management.http: org.jboss.msc.service.StartException in service jboss.serverManagement.controller.management.http: WFLYSRV0083: Failed to start the http-interface service

2017-01-08 22:35:12,112 INFO  [org.jboss.as] (Controller Boot Thread) WFLYSRV0063: Http management interface is not enabled
2017-01-08 22:35:12,113 INFO  [org.jboss.as] (Controller Boot Thread) WFLYSRV0054: Admin console is not enabled
2017-01-08 22:35:12,113 ERROR [org.jboss.as] (Controller Boot Thread) WFLYSRV0026: WildFly Full 10.0.0.CR5 (WildFly Core 2.0.5.Final) started (with errors) in 52179ms - Started 351 of 662 services (2 services failed or missing dependencies, 398 services are lazy, passive or on-demand)
2017-01-08 22:36:24,288 INFO  [org.jboss.modules] (main) JBoss Modules version 1.5.0.Final
2017-01-08 22:36:24,899 INFO  [org.jboss.msc] (main) JBoss MSC version 1.2.6.Final
2017-01-08 22:36:25,096 INFO  [org.jboss.as] (MSC service thread 1-7) WFLYSRV0049: WildFly Full 10.0.0.CR5 (WildFly Core 2.0.5.Final) starting
2017-01-08 22:36:25,099 DEBUG [org.jboss.as.config] (MSC service thread 1-7) Configured system properties:
	awt.toolkit = sun.awt.windows.WToolkit
	file.encoding = Cp1252
	file.encoding.pkg = sun.io
	file.separator = \
	java.awt.graphicsenv = sun.awt.Win32GraphicsEnvironment
	java.awt.headless = true
	java.awt.printerjob = sun.awt.windows.WPrinterJob
	java.class.path = C:\Users\moi\Downloads\wildfly-10.0.0.CR5\jboss-modules.jar
	java.class.version = 52.0
	java.endorsed.dirs = C:\Program Files\Java\jre1.8.0_73\lib\endorsed
	java.ext.dirs = C:\Program Files\Java\jre1.8.0_73\lib\ext;C:\WINDOWS\Sun\Java\lib\ext
	java.home = C:\Program Files\Java\jre1.8.0_73
	java.io.tmpdir = C:\Users\moi\AppData\Local\Temp\
	java.library.path = C:\Program Files\Java\jre1.8.0_73\bin;C:\WINDOWS\Sun\Java\bin;C:\WINDOWS\system32;C:\WINDOWS;native;C:/Program Files/Java/jre1.8.0_73/bin/server;C:/Program Files/Java/jre1.8.0_73/bin;C:/Program Files/Java/jre1.8.0_73/lib/amd64;C:\ProgramData\Oracle\Java\javapath;C:\Program Files (x86)\NVIDIA Corporation\PhysX\Common;C:\Program Files (x86)\Intel\iCLS Client\;C:\Program Files\Intel\iCLS Client\;C:\WINDOWS\system32;C:\WINDOWS;C:\WINDOWS\System32\Wbem;C:\WINDOWS\System32\WindowsPowerShell\v1.0\;C:\Program Files (x86)\Windows Live\Shared;C:\Program Files\Intel\Intel(R) Management Engine Components\DAL;C:\Program Files\Intel\Intel(R) Management Engine Components\IPT;C:\Program Files (x86)\Intel\Intel(R) Management Engine Components\DAL;C:\Program Files (x86)\Intel\Intel(R) Management Engine Components\IPT;C:\Program Files (x86)\Intel\OpenCL SDK\2.0\bin\x86;C:\Program Files (x86)\Intel\OpenCL SDK\2.0\bin\x64;C:\Program Files\WIDCOMM\Bluetooth Software\;C:\Program Files\WIDCOMM\Bluetooth Software\syswow64;C:\Program Files (x86)\Skype\Phone\;C:\Program Files\Git\cmd;C:\Program Files\nodejs\;C:\Program Files (x86)\bin;C:\Users\moi\AppData\Roaming\npm;%USERPROFILE%\AppData\Local\Microsoft\WindowsApps;;C:\WINDOWS\System32;;.
	java.net.preferIPv4Stack = true
	java.runtime.name = Java(TM) SE Runtime Environment
	java.runtime.version = 1.8.0_73-b02
	java.specification.name = Java Platform API Specification
	java.specification.vendor = Oracle Corporation
	java.specification.version = 1.8
	java.util.logging.manager = org.jboss.logmanager.LogManager
	java.vendor = Oracle Corporation
	java.vendor.url = http://java.oracle.com/
	java.vendor.url.bug = http://bugreport.sun.com/bugreport/
	java.version = 1.8.0_73
	java.vm.info = mixed mode
	java.vm.name = Java HotSpot(TM) 64-Bit Server VM
	java.vm.specification.name = Java Virtual Machine Specification
	java.vm.specification.vendor = Oracle Corporation
	java.vm.specification.version = 1.8
	java.vm.vendor = Oracle Corporation
	java.vm.version = 25.73-b02
	javax.management.builder.initial = org.jboss.as.jmx.PluggableMBeanServerBuilder
	javax.xml.datatype.DatatypeFactory = __redirected.__DatatypeFactory
	javax.xml.parsers.DocumentBuilderFactory = __redirected.__DocumentBuilderFactory
	javax.xml.parsers.SAXParserFactory = __redirected.__SAXParserFactory
	javax.xml.stream.XMLEventFactory = __redirected.__XMLEventFactory
	javax.xml.stream.XMLInputFactory = __redirected.__XMLInputFactory
	javax.xml.stream.XMLOutputFactory = __redirected.__XMLOutputFactory
	javax.xml.transform.TransformerFactory = __redirected.__TransformerFactory
	javax.xml.validation.SchemaFactory:http://www.w3.org/2001/XMLSchema = __redirected.__SchemaFactory
	javax.xml.xpath.XPathFactory:http://java.sun.com/jaxp/xpath/dom = __redirected.__XPathFactory
	jboss.bind.address = localhost
	jboss.bind.address.management = localhost
	jboss.home.dir = C:\Users\moi\Downloads\wildfly-10.0.0.CR5
	jboss.host.name = colin
	jboss.modules.dir = C:\Users\moi\Downloads\wildfly-10.0.0.CR5\modules
	jboss.modules.system.pkgs = org.jboss.byteman
	jboss.node.name = colin
	jboss.qualified.host.name = colin
	jboss.server.base.dir = C:\Users\moi\Downloads\wildfly-10.0.0.CR5\standalone
	jboss.server.config.dir = C:\Users\moi\Downloads\wildfly-10.0.0.CR5\standalone\configuration
	jboss.server.data.dir = C:\Users\moi\Downloads\wildfly-10.0.0.CR5\standalone\data
	jboss.server.deploy.dir = C:\Users\moi\Downloads\wildfly-10.0.0.CR5\standalone\data\content
	jboss.server.log.dir = C:\Users\moi\Downloads\wildfly-10.0.0.CR5\standalone\log
	jboss.server.name = colin
	jboss.server.persist.config = true
	jboss.server.temp.dir = C:\Users\moi\Downloads\wildfly-10.0.0.CR5\standalone\tmp
	line.separator = 

	logging.configuration = file:/C:/Users/moi/Downloads/wildfly-10.0.0.CR5/standalone/configuration/logging.properties
	module.path = C:/Users/moi/Downloads/wildfly-10.0.0.CR5/modules
	org.jboss.boot.log.file = C:/Users/moi/Downloads/wildfly-10.0.0.CR5/standalone/log/boot.log
	org.jboss.logmanager.nocolor = true
	org.jboss.resolver.warning = true
	org.xml.sax.driver = __redirected.__XMLReaderFactory
	os.arch = amd64
	os.name = Windows 10
	os.version = 10.0
	path.separator = ;
	program.name = JBossTools: WildFly 10.x
	sun.arch.data.model = 64
	sun.boot.class.path = C:\Program Files\Java\jre1.8.0_73\lib\resources.jar;C:\Program Files\Java\jre1.8.0_73\lib\rt.jar;C:\Program Files\Java\jre1.8.0_73\lib\sunrsasign.jar;C:\Program Files\Java\jre1.8.0_73\lib\jsse.jar;C:\Program Files\Java\jre1.8.0_73\lib\jce.jar;C:\Program Files\Java\jre1.8.0_73\lib\charsets.jar;C:\Program Files\Java\jre1.8.0_73\lib\jfr.jar;C:\Program Files\Java\jre1.8.0_73\classes
	sun.boot.library.path = C:\Program Files\Java\jre1.8.0_73\bin
	sun.cpu.endian = little
	sun.cpu.isalist = amd64
	sun.desktop = windows
	sun.io.unicode.encoding = UnicodeLittle
	sun.java.command = org.jboss.modules.Main -mp C:/Users/moi/Downloads/wildfly-10.0.0.CR5/modules org.jboss.as.standalone -b localhost --server-config=standalone.xml -Djboss.server.base.dir=C:\Users\moi\Downloads\wildfly-10.0.0.CR5\standalone
	sun.java.launcher = SUN_STANDARD
	sun.jnu.encoding = Cp1252
	sun.management.compiler = HotSpot 64-Bit Tiered Compilers
	sun.os.patch.level = 
	sun.rmi.dgc.client.gcInterval = 3600000
	sun.rmi.dgc.server.gcInterval = 3600000
	user.country = FR
	user.dir = C:\Users\moi\Downloads\wildfly-10.0.0.CR5\bin
	user.home = C:\Users\moi
	user.language = fr
	user.name = moi
	user.script = 
	user.timezone = Europe/Paris
	user.variant = 
2017-01-08 22:36:25,101 DEBUG [org.jboss.as.config] (MSC service thread 1-7) VM Arguments: -Dprogram.name=JBossTools: WildFly 10.x -Xms64m -Xmx512m -Dorg.jboss.resolver.warning=true -Djava.net.preferIPv4Stack=true -Dsun.rmi.dgc.client.gcInterval=3600000 -Dsun.rmi.dgc.server.gcInterval=3600000 -Djboss.modules.system.pkgs=org.jboss.byteman -Djava.awt.headless=true -Dorg.jboss.boot.log.file=C:/Users/moi/Downloads/wildfly-10.0.0.CR5/standalone/log/boot.log -Dlogging.configuration=file:/C:/Users/moi/Downloads/wildfly-10.0.0.CR5/standalone/configuration/logging.properties -Djboss.home.dir=C:/Users/moi/Downloads/wildfly-10.0.0.CR5 -Dorg.jboss.logmanager.nocolor=true -Djboss.bind.address.management=localhost -Dfile.encoding=Cp1252 
2017-01-08 22:36:28,700 INFO  [org.jboss.as.server.deployment.scanner] (DeploymentScanner-threads - 1) WFLYDS0004: Found Project_Timeline.war in deployment directory. To trigger deployment create a file called Project_Timeline.war.dodeploy
2017-01-08 22:36:28,823 INFO  [org.jboss.as.server] (Controller Boot Thread) WFLYSRV0039: Creating http management service using socket-binding (management-http)
2017-01-08 22:36:28,879 INFO  [org.xnio] (MSC service thread 1-4) XNIO version 3.3.4.Final
2017-01-08 22:36:28,898 INFO  [org.xnio.nio] (MSC service thread 1-4) XNIO NIO Implementation Version 3.3.4.Final
2017-01-08 22:36:29,012 WARN  [org.jboss.as.txn] (ServerService Thread Pool -- 54) WFLYTX0013: Node identifier property is set to the default value. Please make sure it is unique.
2017-01-08 22:36:29,045 INFO  [org.jboss.as.webservices] (ServerService Thread Pool -- 56) WFLYWS0002: Activating WebServices Extension
2017-01-08 22:36:29,054 INFO  [org.jboss.as.clustering.infinispan] (ServerService Thread Pool -- 38) WFLYCLINF0001: Activating Infinispan subsystem.
2017-01-08 22:36:29,061 INFO  [org.jboss.as.security] (ServerService Thread Pool -- 53) WFLYSEC0002: Activating Security Subsystem
2017-01-08 22:36:29,096 INFO  [org.jboss.as.jsf] (ServerService Thread Pool -- 44) WFLYJSF0007: Activated the following JSF Implementations: [main]
2017-01-08 22:36:29,101 INFO  [org.jboss.as.naming] (ServerService Thread Pool -- 46) WFLYNAM0001: Activating Naming Subsystem
2017-01-08 22:36:29,107 INFO  [org.wildfly.extension.io] (ServerService Thread Pool -- 37) WFLYIO001: Worker 'default' has auto-configured to 16 core threads with 128 task threads based on your 8 available processors
2017-01-08 22:36:29,201 INFO  [org.jboss.as.connector] (MSC service thread 1-6) WFLYJCA0009: Starting JCA Subsystem (WildFly/IronJacamar 1.3.1.Final)
2017-01-08 22:36:29,211 INFO  [org.jboss.as.security] (MSC service thread 1-1) WFLYSEC0001: Current PicketBox version=4.9.4.Final
2017-01-08 22:36:29,502 INFO  [org.jboss.as.connector.subsystems.datasources] (ServerService Thread Pool -- 33) WFLYJCA0004: Deploying JDBC-compliant driver class org.h2.Driver (version 1.3)
2017-01-08 22:36:29,526 INFO  [org.jboss.remoting] (MSC service thread 1-4) JBoss Remoting version 4.0.17.Final-wildfly-1
2017-01-08 22:36:29,539 INFO  [org.jboss.as.naming] (MSC service thread 1-3) WFLYNAM0003: Starting Naming Service
2017-01-08 22:36:29,543 INFO  [org.jboss.as.mail.extension] (MSC service thread 1-3) WFLYMAIL0001: Bound mail session [java:jboss/mail/Default]
2017-01-08 22:36:29,561 INFO  [org.jboss.as.connector.deployers.jdbc] (MSC service thread 1-3) WFLYJCA0018: Started Driver service with driver-name = h2
2017-01-08 22:36:29,564 INFO  [org.wildfly.extension.undertow] (MSC service thread 1-7) WFLYUT0003: Undertow 1.3.11.Final starting
2017-01-08 22:36:29,564 INFO  [org.wildfly.extension.undertow] (ServerService Thread Pool -- 55) WFLYUT0003: Undertow 1.3.11.Final starting
2017-01-08 22:36:29,608 INFO  [org.jboss.as.connector.subsystems.datasources] (ServerService Thread Pool -- 33) WFLYJCA0005: Deploying non-JDBC-compliant driver class com.mysql.jdbc.Driver (version 5.1)
2017-01-08 22:36:29,612 INFO  [org.jboss.as.connector.deployers.jdbc] (MSC service thread 1-3) WFLYJCA0018: Started Driver service with driver-name = mysql
2017-01-08 22:36:29,935 INFO  [org.wildfly.extension.undertow] (ServerService Thread Pool -- 55) WFLYUT0014: Creating file handler for path 'C:\Users\moi\Downloads\wildfly-10.0.0.CR5/welcome-content' with options [directory-listing: 'false', follow-symlink: 'false', case-sensitive: 'true', safe-symlink-paths: '[]']
2017-01-08 22:36:29,989 INFO  [org.wildfly.extension.undertow] (MSC service thread 1-6) WFLYUT0012: Started server default-server.
2017-01-08 22:36:29,992 INFO  [org.wildfly.extension.undertow] (MSC service thread 1-6) WFLYUT0018: Host default-host starting
2017-01-08 22:36:30,047 INFO  [org.jboss.as.ejb3] (MSC service thread 1-4) WFLYEJB0481: Strict pool slsb-strict-max-pool is using a max instance size of 128 (per class), which is derived from thread worker pool sizing.
2017-01-08 22:36:30,049 INFO  [org.jboss.as.ejb3] (MSC service thread 1-3) WFLYEJB0482: Strict pool mdb-strict-max-pool is using a max instance size of 32 (per class), which is derived from the number of CPUs on this host.
2017-01-08 22:36:30,284 INFO  [org.wildfly.extension.undertow] (MSC service thread 1-6) WFLYUT0006: Undertow HTTP listener default listening on 127.0.0.1:8080
2017-01-08 22:36:31,276 INFO  [org.jboss.as.server.deployment] (MSC service thread 1-1) WFLYSRV0027: Starting deployment of "Project_Timeline.war" (runtime-name: "Project_Timeline.war")
2017-01-08 22:36:31,365 INFO  [org.jboss.as.server.deployment.scanner] (MSC service thread 1-1) WFLYDS0013: Started FileSystemDeploymentService for directory C:\Users\moi\Downloads\wildfly-10.0.0.CR5\standalone\deployments
2017-01-08 22:36:31,465 INFO  [org.jboss.as.connector.subsystems.datasources] (MSC service thread 1-6) WFLYJCA0001: Bound data source [java:jboss/datasources/ExampleDS]
2017-01-08 22:36:31,469 INFO  [org.jboss.as.connector.subsystems.datasources] (MSC service thread 1-6) WFLYJCA0001: Bound data source [java:/mysql]
2017-01-08 22:36:31,751 INFO  [org.infinispan.factories.GlobalComponentRegistry] (MSC service thread 1-3) ISPN000128: Infinispan version: Infinispan 'Mahou' 8.1.0.Final
2017-01-08 22:36:31,753 INFO  [org.infinispan.factories.GlobalComponentRegistry] (MSC service thread 1-4) ISPN000128: Infinispan version: Infinispan 'Mahou' 8.1.0.Final
2017-01-08 22:36:31,751 INFO  [org.infinispan.factories.GlobalComponentRegistry] (MSC service thread 1-2) ISPN000128: Infinispan version: Infinispan 'Mahou' 8.1.0.Final
2017-01-08 22:36:32,035 INFO  [org.jboss.ws.common.management] (MSC service thread 1-5) JBWS022052: Starting JBossWS 5.1.2.Final (Apache CXF 3.1.4) 
2017-01-08 22:36:33,257 INFO  [org.jboss.as.connector.deployers.jdbc] (MSC service thread 1-7) WFLYJCA0005: Deploying non-JDBC-compliant driver class com.mysql.jdbc.Driver (version 5.1)
2017-01-08 22:36:33,264 INFO  [org.jboss.as.connector.deployers.jdbc] (MSC service thread 1-7) WFLYJCA0005: Deploying non-JDBC-compliant driver class com.mysql.fabric.jdbc.FabricMySQLDriver (version 5.1)
2017-01-08 22:36:33,334 INFO  [org.jboss.as.connector.deployers.jdbc] (MSC service thread 1-5) WFLYJCA0018: Started Driver service with driver-name = Project_Timeline.war_com.mysql.jdbc.Driver_5_1
2017-01-08 22:36:33,333 INFO  [org.jboss.as.connector.deployers.jdbc] (MSC service thread 1-6) WFLYJCA0018: Started Driver service with driver-name = Project_Timeline.war_com.mysql.fabric.jdbc.FabricMySQLDriver_5_1
2017-01-08 22:36:33,975 INFO  [io.undertow.websockets.jsr] (ServerService Thread Pool -- 62) UT026003: Adding annotated server endpoint class Project_Timeline.WebSocket for path /web
2017-01-08 22:36:34,217 INFO  [org.wildfly.extension.undertow] (ServerService Thread Pool -- 62) WFLYUT0021: Registered web context: /Project_Timeline
2017-01-08 22:36:34,673 INFO  [org.jboss.as.server] (ServerService Thread Pool -- 34) WFLYSRV0010: Deployed "Project_Timeline.war" (runtime-name : "Project_Timeline.war")
2017-01-08 22:36:35,211 INFO  [org.jboss.as] (Controller Boot Thread) WFLYSRV0060: Http management interface listening on http://127.0.0.1:9990/management
2017-01-08 22:36:35,220 INFO  [org.jboss.as] (Controller Boot Thread) WFLYSRV0051: Admin console listening on http://127.0.0.1:9990
2017-01-08 22:36:35,223 INFO  [org.jboss.as] (Controller Boot Thread) WFLYSRV0025: WildFly Full 10.0.0.CR5 (WildFly Core 2.0.5.Final) started in 11814ms - Started 357 of 664 services (398 services are lazy, passive or on-demand)
2017-01-08 22:37:26,804 ERROR [stderr] (default task-19) Sun Jan 08 22:37:26 CET 2017 WARN: Establishing SSL connection without server's identity verification is not recommended. According to MySQL 5.5.45+, 5.6.26+ and 5.7.6+ requirements SSL connection must be established by default if explicit option isn't set. For compliance with existing applications not using SSL the verifyServerCertificate property is set to 'false'. You need either to explicitly disable SSL by setting useSSL=false, or set useSSL=true and provide truststore for server certificate verification.
2017-01-08 22:37:27,369 INFO  [stdout] (default task-19) Insert
2017-01-08 22:39:17,129 ERROR [stderr] (default task-21) Sun Jan 08 22:39:17 CET 2017 WARN: Establishing SSL connection without server's identity verification is not recommended. According to MySQL 5.5.45+, 5.6.26+ and 5.7.6+ requirements SSL connection must be established by default if explicit option isn't set. For compliance with existing applications not using SSL the verifyServerCertificate property is set to 'false'. You need either to explicitly disable SSL by setting useSSL=false, or set useSSL=true and provide truststore for server certificate verification.
2017-01-08 22:39:17,181 INFO  [stdout] (default task-21) resultset has a data
2017-01-08 22:39:27,532 INFO  [stdout] (default task-22) HELLO io.undertow.servlet.spec.HttpSessionImpl@56dd753e
